SF:lib\main.dart
DA:13,0
DA:14,0
DA:15,0
DA:16,0
DA:20,1
DA:22,1
DA:24,1
DA:26,1
DA:28,1
DA:29,1
DA:33,1
DA:40,1
DA:42,0
DA:43,1
DA:44,0
DA:45,0
DA:46,0
DA:48,0
DA:50,0
DA:52,0
DA:53,0
DA:54,0
DA:63,0
DA:64,0
DA:67,0
DA:69,0
DA:70,0
DA:71,0
DA:72,0
DA:73,0
DA:74,0
DA:75,0
DA:79,0
DA:80,0
DA:81,0
DA:84,0
DA:87,0
DA:88,0
DA:89,0
DA:91,0
DA:92,0
DA:94,0
DA:95,0
DA:97,0
DA:100,0
DA:101,0
DA:104,0
DA:108,0
DA:109,0
DA:111,0
DA:118,0
DA:119,0
DA:121,0
DA:130,0
DA:132,0
DA:133,0
DA:134,0
DA:136,0
DA:137,0
DA:138,0
DA:142,0
DA:143,0
DA:145,0
DA:146,0
DA:148,0
DA:151,0
DA:155,0
DA:156,0
DA:157,0
DA:159,0
DA:160,0
DA:162,0
DA:163,0
DA:165,0
DA:166,0
DA:167,0
DA:171,0
DA:173,0
DA:174,0
DA:175,0
DA:176,0
DA:178,0
DA:184,0
DA:186,0
DA:187,0
DA:188,0
DA:189,0
DA:191,0
DA:192,0
DA:195,0
DA:196,0
DA:198,0
DA:199,0
DA:201,0
DA:202,0
DA:221,0
DA:223,0
DA:225,0
DA:227,0
DA:228,0
DA:230,0
DA:233,0
DA:234,0
DA:236,0
DA:238,0
DA:239,0
DA:253,0
DA:254,0
DA:257,0
DA:263,0
DA:264,0
DA:267,0
DA:277,0
DA:278,0
DA:280,0
DA:283,0
DA:284,0
DA:285,0
DA:286,0
DA:287,0
DA:288,0
DA:289,0
DA:290,0
DA:294,0
DA:295,0
DA:298,0
DA:299,0
DA:300,0
DA:302,0
DA:304,0
DA:305,0
DA:315,0
DA:316,0
DA:318,0
DA:322,0
DA:323,0
DA:326,0
DA:335,0
DA:337,0
DA:338,0
DA:339,0
DA:340,0
DA:341,0
DA:342,0
DA:343,0
DA:344,0
DA:345,0
DA:347,0
DA:349,0
DA:351,0
DA:353,0
DA:354,0
DA:355,0
DA:356,0
DA:358,0
DA:359,0
DA:360,0
DA:363,0
DA:364,0
DA:366,0
DA:368,0
DA:369,0
DA:370,0
DA:371,0
DA:380,0
DA:381,0
DA:383,0
DA:384,0
DA:385,0
DA:389,0
DA:390,0
DA:391,0
DA:396,0
DA:409,0
DA:411,0
DA:414,0
DA:416,0
DA:418,0
DA:420,0
DA:427,0
DA:428,0
DA:429,0
DA:430,0
DA:431,0
DA:432,0
DA:434,0
DA:440,0
DA:445,0
DA:446,0
DA:449,0
DA:451,0
DA:452,0
DA:453,0
DA:457,0
DA:458,0
DA:459,0
DA:463,0
DA:464,0
DA:468,0
DA:469,0
DA:470,0
DA:472,0
DA:481,0
DA:482,0
DA:484,0
DA:487,0
DA:492,0
DA:493,0
DA:494,0
DA:495,0
DA:498,0
DA:499,0
DA:512,0
DA:513,0
DA:514,0
DA:516,0
DA:517,0
DA:518,0
DA:519,0
DA:521,0
DA:522,0
DA:523,0
DA:525,0
DA:527,0
DA:535,0
DA:539,0
DA:542,0
DA:544,0
DA:545,0
DA:549,0
DA:550,0
DA:552,0
DA:553,0
DA:555,0
DA:557,0
DA:558,0
DA:560,0
DA:561,0
DA:562,0
DA:564,0
DA:565,0
DA:566,0
DA:567,0
DA:570,0
DA:571,0
DA:572,0
DA:587,0
DA:589,0
DA:590,0
DA:591,0
DA:592,0
DA:596,0
DA:597,0
DA:598,0
DA:599,0
DA:600,0
DA:602,0
DA:603,0
DA:606,0
DA:609,0
DA:619,0
DA:622,0
DA:624,0
DA:626,0
DA:628,0
DA:630,0
DA:631,0
DA:633,0
DA:634,0
DA:635,0
DA:641,0
DA:642,0
DA:643,0
DA:644,0
DA:650,0
DA:652,0
DA:654,0
DA:655,0
DA:657,0
DA:658,0
DA:660,0
DA:663,0
DA:670,0
DA:672,0
DA:674,0
DA:675,0
DA:676,0
DA:679,0
DA:680,0
DA:682,0
DA:684,0
DA:686,0
DA:687,0
DA:689,0
DA:691,0
DA:699,0
DA:701,0
DA:702,0
DA:703,0
DA:704,0
DA:706,0
DA:707,0
DA:708,0
DA:710,0
DA:712,0
DA:715,0
DA:717,0
DA:721,0
DA:723,0
DA:725,0
DA:728,0
DA:730,0
DA:732,0
DA:735,0
DA:737,0
DA:739,0
DA:742,0
DA:744,0
DA:746,0
DA:749,0
DA:751,0
DA:753,0
DA:756,0
DA:758,0
DA:760,0
DA:763,0
DA:765,0
DA:767,0
DA:770,0
DA:772,0
DA:774,0
DA:777,0
DA:779,0
DA:781,0
DA:784,0
DA:786,0
DA:788,0
DA:791,0
DA:793,0
DA:795,0
DA:798,0
DA:800,0
DA:802,0
DA:805,0
DA:807,0
DA:809,0
DA:812,0
DA:814,0
DA:816,0
DA:819,0
DA:821,0
DA:823,0
DA:826,0
DA:828,0
DA:830,0
DA:833,0
DA:835,0
DA:837,0
DA:840,0
DA:842,0
DA:844,0
DA:847,0
DA:849,0
DA:851,0
DA:854,0
DA:856,0
DA:858,0
DA:861,0
DA:863,0
DA:865,0
DA:874,0
DA:875,0
DA:876,0
DA:877,0
DA:878,0
DA:881,0
DA:882,0
DA:884,0
DA:889,0
DA:896,0
DA:900,0
DA:902,0
DA:907,0
DA:909,0
DA:911,0
DA:912,0
DA:914,0
DA:915,0
DA:916,0
DA:921,0
DA:922,0
DA:923,0
DA:926,0
DA:933,0
DA:934,0
DA:936,0
DA:937,0
DA:938,0
DA:939,0
DA:940,0
DA:941,0
DA:943,0
DA:944,0
DA:945,0
DA:946,0
DA:947,0
DA:948,0
DA:951,0
DA:952,0
DA:953,0
DA:954,0
DA:955,0
DA:960,0
DA:962,0
DA:964,0
DA:965,0
DA:966,0
DA:968,0
DA:969,0
DA:970,0
DA:972,0
DA:977,0
DA:980,0
DA:985,0
DA:987,0
DA:988,0
DA:996,0
DA:997,0
DA:998,0
DA:999,0
DA:1000,0
DA:1001,0
DA:1008,0
DA:1009,0
DA:1010,0
DA:1018,0
DA:1019,0
DA:1022,0
DA:1028,0
DA:1032,0
DA:1034,0
DA:1035,0
DA:1036,0
DA:1037,0
DA:1052,0
DA:1053,0
DA:1055,0
DA:1062,0
DA:1063,0
DA:1066,0
DA:1067,0
DA:1069,0
DA:1071,0
DA:1072,0
DA:1073,0
DA:1080,0
DA:1081,0
DA:1086,0
DA:1088,0
DA:1089,0
DA:1091,0
DA:1092,0
DA:1093,0
DA:1097,0
DA:1098,0
DA:1099,0
DA:1113,0
DA:1114,0
DA:1116,0
DA:1117,0
DA:1118,0
DA:1120,0
DA:1122,0
DA:1123,0
DA:1124,0
DA:1125,0
DA:1126,0
DA:1130,0
DA:1134,0
DA:1138,0
DA:1139,0
DA:1140,0
DA:1141,0
DA:1143,0
DA:1144,0
DA:1156,0
DA:1159,0
DA:1160,0
DA:1161,0
DA:1162,0
DA:1168,0
DA:1169,0
DA:1173,0
DA:1174,0
DA:1176,0
DA:1177,0
DA:1179,0
DA:1183,0
DA:1184,0
DA:1186,0
DA:1187,0
DA:1189,0
DA:1192,0
DA:1193,0
DA:1196,0
DA:1198,0
DA:1199,0
DA:1201,0
DA:1203,0
DA:1205,0
DA:1209,0
DA:1216,1
DA:1218,0
DA:1219,0
DA:1256,0
DA:1258,0
DA:1259,0
DA:1262,0
DA:1264,0
DA:1265,0
DA:1268,0
DA:1271,0
DA:1272,0
DA:1275,0
DA:1276,0
DA:1277,0
DA:1281,0
DA:1282,0
DA:1283,0
DA:1284,0
DA:1290,0
DA:1292,0
DA:1293,0
DA:1295,0
DA:1297,0
DA:1300,0
DA:1301,0
DA:1302,0
DA:1303,0
DA:1306,0
DA:1307,0
DA:1308,0
DA:1310,0
DA:1313,0
DA:1314,0
DA:1316,0
DA:1319,0
DA:1320,0
DA:1321,0
DA:1323,0
DA:1325,0
DA:1326,0
DA:1327,0
DA:1328,0
DA:1329,0
DA:1330,0
DA:1337,0
DA:1338,0
DA:1339,0
DA:1340,0
DA:1341,0
DA:1342,0
DA:1345,0
DA:1346,0
DA:1355,0
DA:1356,0
DA:1358,0
DA:1359,0
DA:1360,0
DA:1362,0
DA:1364,0
DA:1365,0
DA:1366,0
DA:1368,0
DA:1370,0
DA:1371,0
DA:1372,0
DA:1374,0
DA:1376,0
DA:1377,0
DA:1378,0
DA:1386,0
DA:1387,0
DA:1388,0
DA:1389,0
DA:1391,0
DA:1394,0
DA:1395,0
DA:1398,0
DA:1399,0
DA:1403,0
DA:1404,0
DA:1407,0
DA:1413,0
DA:1414,0
DA:1419,0
DA:1424,0
DA:1425,0
DA:1426,0
DA:1427,0
DA:1428,0
DA:1429,0
DA:1430,0
DA:1432,0
DA:1433,0
DA:1434,0
DA:1435,0
DA:1441,0
DA:1442,0
DA:1446,0
DA:1448,0
DA:1449,0
DA:1456,0
DA:1457,0
DA:1459,0
DA:1462,0
DA:1464,0
DA:1465,0
DA:1466,0
DA:1467,0
DA:1469,0
DA:1470,0
DA:1472,0
DA:1473,0
DA:1477,0
DA:1479,0
DA:1480,0
DA:1484,0
DA:1485,0
DA:1489,0
DA:1491,0
DA:1492,0
DA:1496,0
DA:1497,0
DA:1501,0
DA:1503,0
DA:1504,0
DA:1512,0
DA:1514,0
DA:1515,0
DA:1516,0
DA:1517,0
DA:1519,0
DA:1520,0
DA:1522,0
DA:1523,0
DA:1527,0
DA:1529,0
DA:1530,0
DA:1534,0
DA:1535,0
DA:1539,0
DA:1541,0
DA:1542,0
DA:1546,0
DA:1547,0
DA:1551,0
DA:1553,0
DA:1554,0
DA:1558,0
DA:1559,0
DA:1563,0
DA:1565,0
DA:1566,0
DA:1575,0
DA:1576,0
DA:1578,0
DA:1581,0
DA:1583,0
DA:1584,0
DA:1585,0
DA:1586,0
DA:1588,0
DA:1589,0
DA:1591,0
DA:1592,0
DA:1596,0
DA:1598,0
DA:1599,0
DA:1603,0
DA:1604,0
DA:1608,0
DA:1610,0
DA:1611,0
DA:1615,0
DA:1616,0
DA:1620,0
DA:1622,0
DA:1623,0
DA:1627,0
DA:1628,0
DA:1632,0
DA:1634,0
DA:1635,0
DA:1639,0
DA:1640,0
DA:1644,0
DA:1646,0
DA:1647,0
DA:1655,0
DA:1657,0
DA:1658,0
DA:1659,0
DA:1660,0
DA:1662,0
DA:1663,0
DA:1665,0
DA:1666,0
DA:1670,0
DA:1672,0
DA:1673,0
DA:1677,0
DA:1678,0
DA:1682,0
DA:1684,0
DA:1685,0
DA:1689,0
DA:1690,0
DA:1694,0
DA:1696,0
DA:1697,0
DA:1701,0
DA:1702,0
DA:1706,0
DA:1708,0
DA:1709,0
DA:1713,0
DA:1714,0
DA:1718,0
DA:1720,0
DA:1721,0
DA:1725,0
DA:1726,0
DA:1730,0
DA:1732,0
DA:1733,0
DA:1742,0
DA:1743,0
DA:1745,0
DA:1748,0
DA:1750,0
DA:1751,0
DA:1752,0
DA:1753,0
DA:1755,0
DA:1756,0
DA:1758,0
DA:1759,0
DA:1763,0
DA:1765,0
DA:1766,0
DA:1770,0
DA:1771,0
DA:1775,0
DA:1777,0
DA:1778,0
DA:1787,0
DA:1788,0
DA:1789,0
DA:1791,0
DA:1792,0
DA:1793,0
DA:1801,0
DA:1802,0
DA:1803,0
DA:1805,0
DA:1811,0
DA:1812,0
DA:1813,0
DA:1814,0
DA:1817,0
DA:1818,0
DA:1819,0
DA:1824,0
DA:1825,0
DA:1828,0
DA:1829,0
DA:1830,0
DA:1831,0
DA:1833,0
DA:1840,0
DA:1841,0
DA:1845,0
DA:1849,0
DA:1852,0
DA:1854,0
DA:1855,0
DA:1858,0
DA:1862,0
DA:1863,0
DA:1864,0
DA:1865,0
DA:1871,0
DA:1874,0
DA:1877,0
DA:1879,0
DA:1880,0
DA:1881,0
DA:1884,0
DA:1886,0
DA:1888,0
DA:1889,0
DA:1890,0
DA:1898,0
DA:1899,0
DA:1900,0
DA:1901,0
DA:1902,0
DA:1905,0
DA:1911,0
DA:1912,0
DA:1913,0
DA:1914,0
DA:1915,0
DA:1925,0
DA:1927,0
DA:1928,0
DA:1971,0
DA:1973,0
DA:1974,0
DA:1976,0
DA:1979,0
DA:1981,0
DA:1988,0
DA:1990,0
DA:1993,0
DA:1994,0
DA:1995,0
DA:2000,0
DA:2001,0
DA:2007,0
DA:2008,0
DA:2010,0
DA:2012,0
DA:2014,0
DA:2016,0
DA:2017,0
DA:2018,0
DA:2019,0
DA:2022,0
DA:2023,0
DA:2026,0
DA:2027,0
DA:2028,0
DA:2032,0
DA:2033,0
DA:2034,0
DA:2044,0
DA:2045,0
DA:2046,0
DA:2054,0
DA:2055,0
DA:2059,0
DA:2061,0
DA:2062,0
DA:2063,0
DA:2064,0
DA:2065,0
DA:2072,0
DA:2074,0
DA:2075,0
DA:2077,0
DA:2078,0
DA:2089,0
DA:2090,0
DA:2092,0
DA:2093,0
DA:2094,0
DA:2095,0
DA:2097,0
DA:2099,0
DA:2100,0
DA:2102,0
DA:2105,0
DA:2108,0
DA:2109,0
DA:2110,0
DA:2111,0
DA:2112,0
DA:2113,0
DA:2114,0
DA:2115,0
DA:2116,0
DA:2117,0
DA:2118,0
DA:2122,0
DA:2123,0
DA:2124,0
DA:2125,0
DA:2129,0
DA:2130,0
DA:2133,0
DA:2146,0
DA:2147,0
DA:2154,0
DA:2156,0
DA:2157,0
DA:2158,0
DA:2161,0
DA:2163,0
DA:2164,0
DA:2165,0
DA:2167,0
DA:2168,0
DA:2169,0
DA:2174,0
DA:2176,0
DA:2177,0
DA:2178,0
DA:2180,0
DA:2181,0
DA:2182,0
DA:2187,0
DA:2189,0
DA:2190,0
DA:2191,0
DA:2192,0
DA:2195,0
DA:2198,0
DA:2199,0
DA:2200,0
DA:2201,0
DA:2203,0
DA:2204,0
DA:2206,0
DA:2209,0
DA:2210,0
DA:2213,0
DA:2220,0
DA:2221,0
DA:2223,0
DA:2229,0
DA:2230,0
DA:2231,0
DA:2232,0
DA:2236,0
DA:2237,0
DA:2238,0
DA:2244,0
DA:2245,0
DA:2246,0
DA:2247,0
DA:2251,0
DA:2252,0
DA:2253,0
DA:2259,0
DA:2260,0
DA:2261,0
DA:2262,0
DA:2263,0
DA:2264,0
DA:2265,0
DA:2266,0
DA:2269,0
DA:2271,0
DA:2274,0
DA:2275,0
DA:2276,0
DA:2277,0
DA:2279,0
LF:960
LH:10
end_of_record
